[2025-05-26 18:52:24,141] ERROR in app: Detection error: OpenCV(4.11.0) /Users/xperience/GHA-Actions-OpenCV/_work/opencv-python/opencv-python/opencv/modules/imgproc/src/color.cpp:199: error: (-215:Assertion failed) !_src.empty() in function 'cvtColor'

[2025-05-26 18:52:39,300] ERROR in app: Detection error: OpenCV(4.11.0) /Users/xperience/GHA-Actions-OpenCV/_work/opencv-python/opencv-python/opencv/modules/imgproc/src/color.cpp:199: error: (-215:Assertion failed) !_src.empty() in function 'cvtColor'

[2025-05-26 18:59:45,782] ERROR in app: Detection error: tesseract is not installed or it's not in your PATH. See README file for more information.
[2025-05-26 19:06:41,661] ERROR in app: Detection error: tesseract is not installed or it's not in your PATH. See README file for more information.
[2025-05-26 19:24:14,574] ERROR in app: Detection error: OpenCV(4.11.0) /Users/xperience/GHA-Actions-OpenCV/_work/opencv-python/opencv-python/opencv/modules/imgproc/src/color.cpp:199: error: (-215:Assertion failed) !_src.empty() in function 'cvtColor'

[2025-05-26 19:51:28,604] WARNING in app: No valid OCR results found
[2025-05-26 19:51:37,220] WARNING in app: No valid OCR results found
[2025-05-26 22:17:11,813] WARNING in app: No text detected by any OCR attempt
[2025-05-26 22:43:01,263] WARNING in app: No text detected by any OCR attempt
[2025-05-26 22:46:24,450] WARNING in app: No text detected by any OCR attempt
[2025-05-26 22:46:31,204] WARNING in app: No text detected by any OCR attempt
[2025-05-26 22:49:21,055] WARNING in app: No text detected by any OCR attempt
[2025-05-26 22:49:29,387] WARNING in app: No text detected by any OCR attempt
[2025-05-26 22:51:43,285] WARNING in app: No text detected by any OCR attempt
[2025-05-26 22:52:49,458] WARNING in app: No text detected by any OCR attempt
[2025-05-26 22:52:52,434] WARNING in app: No text detected by any OCR attempt
[2025-05-26 22:52:52,766] WARNING in app: No text detected by any OCR attempt
[2025-05-26 22:52:54,504] WARNING in app: No text detected by any OCR attempt
[2025-05-26 22:52:56,932] WARNING in app: No text detected by any OCR attempt
[2025-05-26 22:53:26,214] WARNING in app: No text detected by any OCR attempt
[2025-05-26 23:03:35,976] WARNING in app: No text detected by any OCR attempt
[2025-05-26 23:03:50,703] WARNING in app: No text detected by any OCR attempt
[2025-05-26 23:03:51,026] WARNING in app: No text detected by any OCR attempt
[2025-05-26 23:03:51,402] WARNING in app: No text detected by any OCR attempt
[2025-05-26 23:03:51,743] WARNING in app: No text detected by any OCR attempt
[2025-05-26 23:03:51,941] WARNING in app: No text detected by any OCR attempt
[2025-05-26 23:03:52,059] WARNING in app: No text detected by any OCR attempt
[2025-05-26 23:03:56,623] WARNING in app: No text detected by any OCR attempt
[2025-05-26 23:04:23,641] WARNING in app: No text detected by any OCR attempt
[2025-05-26 23:06:33,352] WARNING in app: No text detected by any OCR attempt
[2025-05-26 23:40:37,155] WARNING in app: No text detected by any OCR attempt
[2025-05-27 00:13:41,058] WARNING in app: No text detected by any OCR attempt
[2025-05-27 00:45:41,571] WARNING in app: No text detected by any OCR attempt
[2025-05-27 00:45:41,645] WARNING in app: No text detected by any OCR attempt
[2025-05-28 09:53:01,537] ERROR in app: Failed to send serial command: name 'ser' is not defined
